agrinnovate/build/app/intermediates/manifest_merge_blame_file/debug/manifest-merger-blame-debug-report.txt
1<?xml version="1.0" encoding="utf-8"?>
2<manifest xmlns:android="http://schemas.android.com/apk/res/android"
3    package="com.mycompany.agrinnovate"
4    android:versionCode="1"
5    android:versionName="1.0.0" >
6
7    <uses-sdk
8        android:minSdkVersion="21"
9        android:targetSdkVersion="34" />
10    <!--
11         Flutter needs it to communicate with the running application
12         to allow setting breakpoints, to provide hot reload, etc.
13    -->
14    <uses-permission android:name="android.permission.INTERNET" />
14-->src\main\AndroidManifest.xml:4:5-66
14-->src\main\AndroidManifest.xml:4:22-64
15    <uses-permission android:name="android.permission.ACCESS_NETWORK_STATE" />
15-->[com.google.firebase:firebase-auth:22.3.1] AndroidManifest.xml:26:5-79
15-->[com.google.firebase:firebase-auth:22.3.1] AndroidManifest.xml:26:22-76
16    <uses-permission android:name="com.google.android.providers.gsf.permission.READ_GSERVICES" />
16-->[com.google.android.recaptcha:recaptcha:18.4.0] AndroidManifest.xml:9:5-98
16-->[com.google.android.recaptcha:recaptcha:18.4.0] AndroidManifest.xml:9:22-95
17
18    <permission
18-->[androidx.core:core:1.10.1] AndroidManifest.xml:22:5-24:47
19        android:name="com.mycompany.agrinnovate.DYNAMIC_RECEIVER_NOT_EXPORTED_PERMISSION"
19-->[androidx.core:core:1.10.1] AndroidManifest.xml:23:9-81
20        android:protectionLevel="signature" />
20-->[androidx.core:core:1.10.1] AndroidManifest.xml:24:9-44
21
22    <uses-permission android:name="com.mycompany.agrinnovate.DYNAMIC_RECEIVER_NOT_EXPORTED_PERMISSION" />
22-->[androidx.core:core:1.10.1] AndroidManifest.xml:26:5-97
22-->[androidx.core:core:1.10.1] AndroidManifest.xml:26:22-94
23
24    <application
24-->src\main\AndroidManifest.xml:7:5-61:19
25        android:appComponentFactory="androidx.core.app.CoreComponentFactory"
25-->[androidx.core:core:1.10.1] AndroidManifest.xml:28:18-86
26        android:debuggable="true"
27        android:icon="@mipmap/ic_launcher"
27-->src\main\AndroidManifest.xml:10:9-43
28        android:label="AGRINNOVATE"
28-->src\main\AndroidManifest.xml:8:9-36
29        android:requestLegacyExternalStorage="true" >
29-->src\main\AndroidManifest.xml:11:9-52
30        <activity
30-->src\main\AndroidManifest.xml:13:9-51:20
31            android:name="com.mycompany.agrinnovate.MainActivity"
31-->src\main\AndroidManifest.xml:14:13-41
32            android:configChanges="orientation|keyboardHidden|keyboard|screenSize|smallestScreenSize|locale|layoutDirection|fontScale|screenLayout|density|uiMode"
32-->src\main\AndroidManifest.xml:18:13-163
33            android:exported="true"
33-->src\main\AndroidManifest.xml:15:13-36
34            android:hardwareAccelerated="true"
34-->src\main\AndroidManifest.xml:19:13-47
35            android:launchMode="singleTop"
35-->src\main\AndroidManifest.xml:16:13-43
36            android:theme="@style/LaunchTheme"
36-->src\main\AndroidManifest.xml:17:13-47
37            android:windowSoftInputMode="adjustResize" >
37-->src\main\AndroidManifest.xml:20:13-55
38
39            <!--
40                 Specifies an Android theme to apply to this Activity as soon as
41                 the Android process has started. This theme is visible to the user
42                 while the Flutter UI initializes. After that, this theme continues
43                 to determine the Window background behind the Flutter UI.
44            -->
45            <meta-data
45-->src\main\AndroidManifest.xml:25:13-28:17
46                android:name="io.flutter.embedding.android.NormalTheme"
46-->src\main\AndroidManifest.xml:26:15-70
47                android:resource="@style/NormalTheme" />
47-->src\main\AndroidManifest.xml:27:15-52
48            <!--
49                 Displays an Android View that continues showing the launch screen
50                 Drawable until Flutter paints its first frame, then this splash
51                 screen fades out. A splash screen is useful to avoid any visual
52                 gap between the end of Android's launch screen and the painting of
53                 Flutter's first frame.
54            -->
55            <meta-data
55-->src\main\AndroidManifest.xml:34:13-37:17
56                android:name="io.flutter.embedding.android.SplashScreenDrawable"
56-->src\main\AndroidManifest.xml:35:15-79
57                android:resource="@drawable/launch_background" />
57-->src\main\AndroidManifest.xml:36:15-61
58
59            <intent-filter>
59-->src\main\AndroidManifest.xml:38:13-41:29
60                <action android:name="android.intent.action.MAIN" />
60-->src\main\AndroidManifest.xml:39:17-68
60-->src\main\AndroidManifest.xml:39:25-66
61
62                <category android:name="android.intent.category.LAUNCHER" />
62-->src\main\AndroidManifest.xml:40:17-76
62-->src\main\AndroidManifest.xml:40:27-74
63            </intent-filter>
64            <!-- Deep linking -->
65            <meta-data
65-->src\main\AndroidManifest.xml:43:13-90
66                android:name="flutter_deeplinking_enabled"
66-->src\main\AndroidManifest.xml:43:24-66
67                android:value="true" />
67-->src\main\AndroidManifest.xml:43:67-87
68
69            <intent-filter android:autoVerify="true" >
69-->src\main\AndroidManifest.xml:44:13-49:29
69-->src\main\AndroidManifest.xml:44:28-53
70                <action android:name="android.intent.action.VIEW" />
70-->src\main\AndroidManifest.xml:45:17-69
70-->src\main\AndroidManifest.xml:45:25-66
71
72                <category android:name="android.intent.category.DEFAULT" />
72-->src\main\AndroidManifest.xml:46:17-76
72-->src\main\AndroidManifest.xml:46:27-73
73                <category android:name="android.intent.category.BROWSABLE" />
73-->src\main\AndroidManifest.xml:47:17-78
73-->src\main\AndroidManifest.xml:47:27-75
74
75                <data
75-->src\main\AndroidManifest.xml:48:17-85
76                    android:host="agrinnovate.com"
76-->src\main\AndroidManifest.xml:48:52-82
77                    android:scheme="agrinnovate" />
77-->src\main\AndroidManifest.xml:48:23-51
78            </intent-filter>
79        </activity>
80
81        <!--
82             Don't delete the meta-data below.
83             This is used by the Flutter tool to generate GeneratedPluginRegistrant.java
84        -->
85        <meta-data
85-->src\main\AndroidManifest.xml:55:9-57:33
86            android:name="flutterEmbedding"
86-->src\main\AndroidManifest.xml:56:13-44
87            android:value="2" />
87-->src\main\AndroidManifest.xml:57:13-30
88
89        <service
89-->[:firebase_database] AndroidManifest.xml:10:9-14:19
90            android:name="com.google.firebase.components.ComponentDiscoveryService"
90-->[:firebase_database] AndroidManifest.xml:10:18-89
91            android:directBootAware="true"
91-->[com.google.firebase:firebase-common:20.4.2] AndroidManifest.xml:32:13-43
92            android:exported="false" >
92-->[com.google.firebase:firebase-perf:20.5.1] AndroidManifest.xml:13:13-37
93            <meta-data
93-->[:firebase_database] AndroidManifest.xml:11:13-13:85
94                android:name="com.google.firebase.components:io.flutter.plugins.firebase.database.FlutterFirebaseAppRegistrar"
94-->[:firebase_database] AndroidManifest.xml:12:17-127
95                android:value="com.google.firebase.components.ComponentRegistrar" />
95-->[:firebase_database] AndroidManifest.xml:13:17-82
96            <meta-data
96-->[:cloud_firestore] AndroidManifest.xml:11:13-13:85
97                android:name="com.google.firebase.components:io.flutter.plugins.firebase.firestore.FlutterFirebaseFirestoreRegistrar"
97-->[:cloud_firestore] AndroidManifest.xml:12:17-134
98                android:value="com.google.firebase.components.ComponentRegistrar" />
98-->[:cloud_firestore] AndroidManifest.xml:13:17-82
99            <meta-data
99-->[:firebase_performance] AndroidManifest.xml:13:13-15:85
100                android:name="com.google.firebase.components:io.flutter.plugins.firebase.performance.FlutterFirebaseAppRegistrar"
100-->[:firebase_performance] AndroidManifest.xml:14:17-130
101                android:value="com.google.firebase.components.ComponentRegistrar" />
101-->[:firebase_performance] AndroidManifest.xml:15:17-82
102            <meta-data
102-->[:firebase_auth] AndroidManifest.xml:11:13-13:85
103                android:name="com.google.firebase.components:io.flutter.plugins.firebase.auth.FlutterFirebaseAuthRegistrar"
103-->[:firebase_auth] AndroidManifest.xml:12:17-124
104                android:value="com.google.firebase.components.ComponentRegistrar" />
104-->[:firebase_auth] AndroidManifest.xml:13:17-82
105            <meta-data
105-->[:firebase_core] AndroidManifest.xml:11:13-13:85
106                android:name="com.google.firebase.components:io.flutter.plugins.firebase.core.FlutterFirebaseCoreRegistrar"
106-->[:firebase_core] AndroidManifest.xml:12:17-124
107                android:value="com.google.firebase.components.ComponentRegistrar" />
107-->[:firebase_core] AndroidManifest.xml:13:17-82
108            <meta-data
108-->[com.google.firebase:firebase-perf:20.5.1] AndroidManifest.xml:14:13-16:85
109                android:name="com.google.firebase.components:com.google.firebase.perf.FirebasePerfKtxRegistrar"
109-->[com.google.firebase:firebase-perf:20.5.1] AndroidManifest.xml:15:17-112
110                android:value="com.google.firebase.components.ComponentRegistrar" />
110-->[com.google.firebase:firebase-perf:20.5.1] AndroidManifest.xml:16:17-82
111            <meta-data
111-->[com.google.firebase:firebase-perf:20.5.1] AndroidManifest.xml:17:13-19:85
112                android:name="com.google.firebase.components:com.google.firebase.perf.FirebasePerfRegistrar"
112-->[com.google.firebase:firebase-perf:20.5.1] AndroidManifest.xml:18:17-109
113                android:value="com.google.firebase.components.ComponentRegistrar" />
113-->[com.google.firebase:firebase-perf:20.5.1] AndroidManifest.xml:19:17-82
114            <meta-data
114-->[com.google.firebase:firebase-sessions:1.2.0] AndroidManifest.xml:29:13-31:85
115                android:name="com.google.firebase.components:com.google.firebase.sessions.FirebaseSessionsRegistrar"
115-->[com.google.firebase:firebase-sessions:1.2.0] AndroidManifest.xml:30:17-117
116                android:value="com.google.firebase.components.ComponentRegistrar" />
116-->[com.google.firebase:firebase-sessions:1.2.0] AndroidManifest.xml:31:17-82
117            <meta-data
117-->[com.google.firebase:firebase-auth:22.3.1] AndroidManifest.xml:69:13-71:85
118                android:name="com.google.firebase.components:com.google.firebase.auth.FirebaseAuthRegistrar"
118-->[com.google.firebase:firebase-auth:22.3.1] AndroidManifest.xml:70:17-109
119                android:value="com.google.firebase.components.ComponentRegistrar" />
119-->[com.google.firebase:firebase-auth:22.3.1] AndroidManifest.xml:71:17-82
120            <meta-data
120-->[com.google.firebase:firebase-firestore:24.10.1] AndroidManifest.xml:17:13-19:85
121                android:name="com.google.firebase.components:com.google.firebase.firestore.FirebaseFirestoreKtxRegistrar"
121-->[com.google.firebase:firebase-firestore:24.10.1] AndroidManifest.xml:18:17-122
122                android:value="com.google.firebase.components.ComponentRegistrar" />
122-->[com.google.firebase:firebase-firestore:24.10.1] AndroidManifest.xml:19:17-82
123            <meta-data
123-->[com.google.firebase:firebase-firestore:24.10.1] AndroidManifest.xml:20:13-22:85
124                android:name="com.google.firebase.components:com.google.firebase.firestore.FirestoreRegistrar"
124-->[com.google.firebase:firebase-firestore:24.10.1] AndroidManifest.xml:21:17-111
125                android:value="com.google.firebase.components.ComponentRegistrar" />
125-->[com.google.firebase:firebase-firestore:24.10.1] AndroidManifest.xml:22:17-82
126            <meta-data
126-->[com.google.firebase:firebase-database:20.3.0] AndroidManifest.xml:29:13-31:85
127                android:name="com.google.firebase.components:com.google.firebase.database.FirebaseDatabaseKtxRegistrar"
127-->[com.google.firebase:firebase-database:20.3.0] AndroidManifest.xml:30:17-120
128                android:value="com.google.firebase.components.ComponentRegistrar" />
128-->[com.google.firebase:firebase-database:20.3.0] AndroidManifest.xml:31:17-82
129            <meta-data
129-->[com.google.firebase:firebase-database:20.3.0] AndroidManifest.xml:32:13-34:85
130                android:name="com.google.firebase.components:com.google.firebase.database.DatabaseRegistrar"
130-->[com.google.firebase:firebase-database:20.3.0] AndroidManifest.xml:33:17-109
131                android:value="com.google.firebase.components.ComponentRegistrar" />
131-->[com.google.firebase:firebase-database:20.3.0] AndroidManifest.xml:34:17-82
132            <meta-data
132-->[com.google.firebase:firebase-config:21.6.0] AndroidManifest.xml:29:13-31:85
133                android:name="com.google.firebase.components:com.google.firebase.remoteconfig.FirebaseRemoteConfigKtxRegistrar"
133-->[com.google.firebase:firebase-config:21.6.0] AndroidManifest.xml:30:17-128
134                android:value="com.google.firebase.components.ComponentRegistrar" />
134-->[com.google.firebase:firebase-config:21.6.0] AndroidManifest.xml:31:17-82
135            <meta-data
135-->[com.google.firebase:firebase-config:21.6.0] AndroidManifest.xml:32:13-34:85
136                android:name="com.google.firebase.components:com.google.firebase.remoteconfig.RemoteConfigRegistrar"
136-->[com.google.firebase:firebase-config:21.6.0] AndroidManifest.xml:33:17-117
137                android:value="com.google.firebase.components.ComponentRegistrar" />
137-->[com.google.firebase:firebase-config:21.6.0] AndroidManifest.xml:34:17-82
138            <meta-data
138-->[com.google.firebase:firebase-installations:17.2.0] AndroidManifest.xml:15:13-17:85
139                android:name="com.google.firebase.components:com.google.firebase.installations.FirebaseInstallationsKtxRegistrar"
139-->[com.google.firebase:firebase-installations:17.2.0] AndroidManifest.xml:16:17-130
140                android:value="com.google.firebase.components.ComponentRegistrar" />
140-->[com.google.firebase:firebase-installations:17.2.0] AndroidManifest.xml:17:17-82
141            <meta-data
141-->[com.google.firebase:firebase-installations:17.2.0] AndroidManifest.xml:18:13-20:85
142                android:name="com.google.firebase.components:com.google.firebase.installations.FirebaseInstallationsRegistrar"
142-->[com.google.firebase:firebase-installations:17.2.0] AndroidManifest.xml:19:17-127
143                android:value="com.google.firebase.components.ComponentRegistrar" />
143-->[com.google.firebase:firebase-installations:17.2.0] AndroidManifest.xml:20:17-82
144            <meta-data
144-->[com.google.firebase:firebase-common-ktx:20.4.2] AndroidManifest.xml:12:13-14:85
145                android:name="com.google.firebase.components:com.google.firebase.ktx.FirebaseCommonLegacyRegistrar"
145-->[com.google.firebase:firebase-common-ktx:20.4.2] AndroidManifest.xml:13:17-116
146                android:value="com.google.firebase.components.ComponentRegistrar" />
146-->[com.google.firebase:firebase-common-ktx:20.4.2] AndroidManifest.xml:14:17-82
147            <meta-data
147-->[com.google.firebase:firebase-datatransport:18.1.8] AndroidManifest.xml:27:13-29:85
148                android:name="com.google.firebase.components:com.google.firebase.datatransport.TransportRegistrar"
148-->[com.google.firebase:firebase-datatransport:18.1.8] AndroidManifest.xml:28:17-115
149                android:value="com.google.firebase.components.ComponentRegistrar" />
149-->[com.google.firebase:firebase-datatransport:18.1.8] AndroidManifest.xml:29:17-82
150            <meta-data
150-->[com.google.firebase:firebase-common:20.4.2] AndroidManifest.xml:35:13-37:85
151                android:name="com.google.firebase.components:com.google.firebase.FirebaseCommonKtxRegistrar"
151-->[com.google.firebase:firebase-common:20.4.2] AndroidManifest.xml:36:17-109
152                android:value="com.google.firebase.components.ComponentRegistrar" />
152-->[com.google.firebase:firebase-common:20.4.2] AndroidManifest.xml:37:17-82
153            <meta-data
153-->[com.google.firebase:firebase-abt:21.1.1] AndroidManifest.xml:12:13-14:85
154                android:name="com.google.firebase.components:com.google.firebase.abt.component.AbtRegistrar"
154-->[com.google.firebase:firebase-abt:21.1.1] AndroidManifest.xml:13:17-109
155                android:value="com.google.firebase.components.ComponentRegistrar" />
155-->[com.google.firebase:firebase-abt:21.1.1] AndroidManifest.xml:14:17-82
156        </service>
157
158        <activity
158-->[:url_launcher_android] AndroidManifest.xml:10:9-13:74
159            android:name="io.flutter.plugins.urllauncher.WebViewActivity"
159-->[:url_launcher_android] AndroidManifest.xml:11:13-74
160            android:exported="false"
160-->[:url_launcher_android] AndroidManifest.xml:12:13-37
161            android:theme="@android:style/Theme.NoTitleBar.Fullscreen" />
161-->[:url_launcher_android] AndroidManifest.xml:13:13-71
162
163        <service
163-->[com.google.firebase:firebase-sessions:1.2.0] AndroidManifest.xml:22:9-25:40
164            android:name="com.google.firebase.sessions.SessionLifecycleService"
164-->[com.google.firebase:firebase-sessions:1.2.0] AndroidManifest.xml:23:13-80
165            android:enabled="true"
165-->[com.google.firebase:firebase-sessions:1.2.0] AndroidManifest.xml:24:13-35
166            android:exported="false" />
166-->[com.google.firebase:firebase-sessions:1.2.0] AndroidManifest.xml:25:13-37
167
168        <activity
168-->[com.google.firebase:firebase-auth:22.3.1] AndroidManifest.xml:29:9-46:20
169            android:name="com.google.firebase.auth.internal.GenericIdpActivity"
169-->[com.google.firebase:firebase-auth:22.3.1] AndroidManifest.xml:30:13-80
170            android:excludeFromRecents="true"
170-->[com.google.firebase:firebase-auth:22.3.1] AndroidManifest.xml:31:13-46
171            android:exported="true"
171-->[com.google.firebase:firebase-auth:22.3.1] AndroidManifest.xml:32:13-36
172            android:launchMode="singleTask"
172-->[com.google.firebase:firebase-auth:22.3.1] AndroidManifest.xml:33:13-44
173            android:theme="@android:style/Theme.Translucent.NoTitleBar" >
173-->[com.google.firebase:firebase-auth:22.3.1] AndroidManifest.xml:34:13-72
174            <intent-filter>
174-->[com.google.firebase:firebase-auth:22.3.1] AndroidManifest.xml:35:13-45:29
175                <action android:name="android.intent.action.VIEW" />
175-->src\main\AndroidManifest.xml:45:17-69
175-->src\main\AndroidManifest.xml:45:25-66
176
177                <category android:name="android.intent.category.DEFAULT" />
177-->src\main\AndroidManifest.xml:46:17-76
177-->src\main\AndroidManifest.xml:46:27-73
178                <category android:name="android.intent.category.BROWSABLE" />
178-->src\main\AndroidManifest.xml:47:17-78
178-->src\main\AndroidManifest.xml:47:27-75
179
180                <data
180-->src\main\AndroidManifest.xml:48:17-85
181                    android:host="firebase.auth"
181-->src\main\AndroidManifest.xml:48:52-82
182                    android:path="/"
183                    android:scheme="genericidp" />
183-->src\main\AndroidManifest.xml:48:23-51
184            </intent-filter>
185        </activity>
186        <activity
186-->[com.google.firebase:firebase-auth:22.3.1] AndroidManifest.xml:47:9-64:20
187            android:name="com.google.firebase.auth.internal.RecaptchaActivity"
187-->[com.google.firebase:firebase-auth:22.3.1] AndroidManifest.xml:48:13-79
188            android:excludeFromRecents="true"
188-->[com.google.firebase:firebase-auth:22.3.1] AndroidManifest.xml:49:13-46
189            android:exported="true"
189-->[com.google.firebase:firebase-auth:22.3.1] AndroidManifest.xml:50:13-36
190            android:launchMode="singleTask"
190-->[com.google.firebase:firebase-auth:22.3.1] AndroidManifest.xml:51:13-44
191            android:theme="@android:style/Theme.Translucent.NoTitleBar" >
191-->[com.google.firebase:firebase-auth:22.3.1] AndroidManifest.xml:52:13-72
192            <intent-filter>
192-->[com.google.firebase:firebase-auth:22.3.1] AndroidManifest.xml:53:13-63:29
193                <action android:name="android.intent.action.VIEW" />
193-->src\main\AndroidManifest.xml:45:17-69
193-->src\main\AndroidManifest.xml:45:25-66
194
195                <category android:name="android.intent.category.DEFAULT" />
195-->src\main\AndroidManifest.xml:46:17-76
195-->src\main\AndroidManifest.xml:46:27-73
196                <category android:name="android.intent.category.BROWSABLE" />
196-->src\main\AndroidManifest.xml:47:17-78
196-->src\main\AndroidManifest.xml:47:27-75
197
198                <data
198-->src\main\AndroidManifest.xml:48:17-85
199                    android:host="firebase.auth"
199-->src\main\AndroidManifest.xml:48:52-82
200                    android:path="/"
201                    android:scheme="recaptcha" />
201-->src\main\AndroidManifest.xml:48:23-51
202            </intent-filter>
203        </activity>
204
205        <service
205-->[com.google.android.datatransport:transport-backend-cct:3.1.9] AndroidManifest.xml:28:9-34:19
206            android:name="com.google.android.datatransport.runtime.backends.TransportBackendDiscovery"
206-->[com.google.android.datatransport:transport-backend-cct:3.1.9] AndroidManifest.xml:29:13-103
207            android:exported="false" >
207-->[com.google.android.datatransport:transport-backend-cct:3.1.9] AndroidManifest.xml:30:13-37
208            <meta-data
208-->[com.google.android.datatransport:transport-backend-cct:3.1.9] AndroidManifest.xml:31:13-33:39
209                android:name="backend:com.google.android.datatransport.cct.CctBackendFactory"
209-->[com.google.android.datatransport:transport-backend-cct:3.1.9] AndroidManifest.xml:32:17-94
210                android:value="cct" />
210-->[com.google.android.datatransport:transport-backend-cct:3.1.9] AndroidManifest.xml:33:17-36
211        </service>
212
213        <provider
213-->[com.google.firebase:firebase-common:20.4.2] AndroidManifest.xml:23:9-28:39
214            android:name="com.google.firebase.provider.FirebaseInitProvider"
214-->[com.google.firebase:firebase-common:20.4.2] AndroidManifest.xml:24:13-77
215            android:authorities="com.mycompany.agrinnovate.firebaseinitprovider"
215-->[com.google.firebase:firebase-common:20.4.2] AndroidManifest.xml:25:13-72
216            android:directBootAware="true"
216-->[com.google.firebase:firebase-common:20.4.2] AndroidManifest.xml:26:13-43
217            android:exported="false"
217-->[com.google.firebase:firebase-common:20.4.2] AndroidManifest.xml:27:13-37
218            android:initOrder="100" />
218-->[com.google.firebase:firebase-common:20.4.2] AndroidManifest.xml:28:13-36
219
220        <uses-library
220-->[androidx.window:window:1.0.0-beta04] AndroidManifest.xml:25:9-27:40
221            android:name="androidx.window.extensions"
221-->[androidx.window:window:1.0.0-beta04] AndroidManifest.xml:26:13-54
222            android:required="false" />
222-->[androidx.window:window:1.0.0-beta04] AndroidManifest.xml:27:13-37
223        <uses-library
223-->[androidx.window:window:1.0.0-beta04] AndroidManifest.xml:28:9-30:40
224            android:name="androidx.window.sidecar"
224-->[androidx.window:window:1.0.0-beta04] AndroidManifest.xml:29:13-51
225            android:required="false" />
225-->[androidx.window:window:1.0.0-beta04] AndroidManifest.xml:30:13-37
226
227        <activity
227-->[com.google.android.gms:play-services-auth:20.7.0] AndroidManifest.xml:23:9-27:75
228            android:name="com.google.android.gms.auth.api.signin.internal.SignInHubActivity"
228-->[com.google.android.gms:play-services-auth:20.7.0] AndroidManifest.xml:24:13-93
229            android:excludeFromRecents="true"
229-->[com.google.android.gms:play-services-auth:20.7.0] AndroidManifest.xml:25:13-46
230            android:exported="false"
230-->[com.google.android.gms:play-services-auth:20.7.0] AndroidManifest.xml:26:13-37
231            android:theme="@android:style/Theme.Translucent.NoTitleBar" />
231-->[com.google.android.gms:play-services-auth:20.7.0] AndroidManifest.xml:27:13-72
232        <!--
233            Service handling Google Sign-In user revocation. For apps that do not integrate with
234            Google Sign-In, this service will never be started.
235        -->
236        <service
236-->[com.google.android.gms:play-services-auth:20.7.0] AndroidManifest.xml:33:9-37:51
237            android:name="com.google.android.gms.auth.api.signin.RevocationBoundService"
237-->[com.google.android.gms:play-services-auth:20.7.0] AndroidManifest.xml:34:13-89
238            android:exported="true"
238-->[com.google.android.gms:play-services-auth:20.7.0] AndroidManifest.xml:35:13-36
239            android:permission="com.google.android.gms.auth.api.signin.permission.REVOCATION_NOTIFICATION"
239-->[com.google.android.gms:play-services-auth:20.7.0] AndroidManifest.xml:36:13-107
240            android:visibleToInstantApps="true" />
240-->[com.google.android.gms:play-services-auth:20.7.0] AndroidManifest.xml:37:13-48
241
242        <activity
242-->[com.google.android.gms:play-services-base:18.1.0] AndroidManifest.xml:20:9-22:45
243            android:name="com.google.android.gms.common.api.GoogleApiActivity"
243-->[com.google.android.gms:play-services-base:18.1.0] AndroidManifest.xml:20:19-85
244            android:exported="false"
244-->[com.google.android.gms:play-services-base:18.1.0] AndroidManifest.xml:22:19-43
245            android:theme="@android:style/Theme.Translucent.NoTitleBar" />
245-->[com.google.android.gms:play-services-base:18.1.0] AndroidManifest.xml:21:19-78
246
247        <meta-data
247-->[com.google.android.gms:play-services-basement:18.2.0] AndroidManifest.xml:21:9-23:69
248            android:name="com.google.android.gms.version"
248-->[com.google.android.gms:play-services-basement:18.2.0] AndroidManifest.xml:22:13-58
249            android:value="@integer/google_play_services_version" />
249-->[com.google.android.gms:play-services-basement:18.2.0] AndroidManifest.xml:23:13-66
250
251        <provider
251-->[androidx.lifecycle:lifecycle-process:2.3.1] AndroidManifest.xml:25:9-29:43
252            android:name="androidx.lifecycle.ProcessLifecycleOwnerInitializer"
252-->[androidx.lifecycle:lifecycle-process:2.3.1] AndroidManifest.xml:26:13-79
253            android:authorities="com.mycompany.agrinnovate.lifecycle-process"
253-->[androidx.lifecycle:lifecycle-process:2.3.1] AndroidManifest.xml:27:13-69
254            android:exported="false"
254-->[androidx.lifecycle:lifecycle-process:2.3.1] AndroidManifest.xml:28:13-37
255            android:multiprocess="true" />
255-->[androidx.lifecycle:lifecycle-process:2.3.1] AndroidManifest.xml:29:13-40
256
257        <service
257-->[com.google.android.datatransport:transport-runtime:3.1.9] AndroidManifest.xml:26:9-30:19
258            android:name="com.google.android.datatransport.runtime.scheduling.jobscheduling.JobInfoSchedulerService"
258-->[com.google.android.datatransport:transport-runtime:3.1.9] AndroidManifest.xml:27:13-117
259            android:exported="false"
259-->[com.google.android.datatransport:transport-runtime:3.1.9] AndroidManifest.xml:28:13-37
260            android:permission="android.permission.BIND_JOB_SERVICE" >
260-->[com.google.android.datatransport:transport-runtime:3.1.9] AndroidManifest.xml:29:13-69
261        </service>
262
263        <receiver
263-->[com.google.android.datatransport:transport-runtime:3.1.9] AndroidManifest.xml:32:9-34:40
264            android:name="com.google.android.datatransport.runtime.scheduling.jobscheduling.AlarmManagerSchedulerBroadcastReceiver"
264-->[com.google.android.datatransport:transport-runtime:3.1.9] AndroidManifest.xml:33:13-132
265            android:exported="false" />
265-->[com.google.android.datatransport:transport-runtime:3.1.9] AndroidManifest.xml:34:13-37
266    </application>
267
268</manifest>